Using pre-set license
Built from '2020.3/staging' branch; Version is '2020.3.30f1 (1fb1bf06830e) revision 2077119'; Using compiler version '192528614'; Build Type 'Release'
OS: 'Windows 10  (10.0.19043) 64bit Core' Language: 'ko' Physical Memory: 7900 MB
BatchMode: 1, IsHumanControllingUs: 0, StartBugReporterOnCrash: 0, Is64bit: 1, IsPro: 0

COMMAND LINE ARGUMENTS:
D:\Unity\UnityEditor\2020.3.30f1\Editor\Unity.exe
-adb2
-batchMode
-noUpm
-name
AssetImportWorker0
-projectPath
D:/UnityProject/ObjectPooling/ObjectPooling
-logFile
Logs/AssetImportWorker0.log
-srvPort
56188
Successfully changed project path to: D:/UnityProject/ObjectPooling/ObjectPooling
D:/UnityProject/ObjectPooling/ObjectPooling
Using Asset Import Pipeline V2.
Refreshing native plugins compatible for Editor in 43.38 ms, found 2 plugins.
Preloading 0 native plugins for Editor in 0.00 ms.
Initialize engine version: 2020.3.30f1 (1fb1bf06830e)
[Subsystems] Discovering subsystems at path D:/Unity/UnityEditor/2020.3.30f1/Editor/Data/Resources/UnitySubsystems
[Subsystems] Discovering subsystems at path D:/UnityProject/ObjectPooling/ObjectPooling/Assets
GfxDevice: creating device client; threaded=0
Direct3D:
    Version:  Direct3D 11.0 [level 11.1]
    Renderer: Intel(R) Iris(R) Xe Graphics (ID=0x9a49)
    Vendor:   
    VRAM:     3950 MB
    Driver:   27.20.100.8853
Initialize mono
Mono path[0] = 'D:/Unity/UnityEditor/2020.3.30f1/Editor/Data/Managed'
Mono path[1] = 'D:/Unity/UnityEditor/2020.3.30f1/Editor/Data/MonoBleedingEdge/lib/mono/unityjit'
Mono config path = 'D:/Unity/UnityEditor/2020.3.30f1/Editor/Data/MonoBleedingEdge/etc'
Using monoOptions --debugger-agent=transport=dt_socket,embedding=1,server=y,suspend=n,address=127.0.0.1:56180
Begin MonoManager ReloadAssembly
Registering precompiled unity dll's ...
Register platform support module: D:/Unity/UnityEditor/2020.3.30f1/Editor/Data/PlaybackEngines/WindowsStandaloneSupport/UnityEditor.WindowsStandalone.Extensions.dll
Registered in 0.001397 seconds.
Native extension for WindowsStandalone target not found
Refreshing native plugins compatible for Editor in 42.94 ms, found 2 plugins.
Preloading 0 native plugins for Editor in 0.00 ms.
Mono: successfully reloaded assembly
- Completed reload, in  0.752 seconds
Domain Reload Profiling:
	ReloadAssembly (752ms)
		BeginReloadAssembly (86ms)
			ExecutionOrderSort (0ms)
			DisableScriptedObjects (0ms)
			BackupInstance (0ms)
			ReleaseScriptingObjects (0ms)
			CreateAndSetChildDomain (1ms)
		EndReloadAssembly (581ms)
			LoadAssemblies (84ms)
			RebuildTransferFunctionScriptingTraits (0ms)
			SetupTypeCache (193ms)
			ReleaseScriptCaches (0ms)
			RebuildScriptCaches (40ms)
			SetupLoadedEditorAssemblies (220ms)
				LogAssemblyErrors (0ms)
				InitializePlatformSupportModulesInManaged (5ms)
				SetLoadedEditorAssemblies (0ms)
				RefreshPlugins (43ms)
				BeforeProcessingInitializeOnLoad (21ms)
				ProcessInitializeOnLoadAttributes (105ms)
				ProcessInitializeOnLoadMethodAttributes (45ms)
				AfterProcessingInitializeOnLoad (0ms)
				EditorAssembliesLoaded (0ms)
			ExecutionOrderSort2 (0ms)
			AwakeInstancesAfterBackupRestoration (0ms)
Platform modules already initialized, skipping
Registering precompiled user dll's ...
Registered in 0.002232 seconds.
Begin MonoManager ReloadAssembly
Native extension for WindowsStandalone target not found
Refreshing native plugins compatible for Editor in 0.38 ms, found 2 plugins.
Preloading 0 native plugins for Editor in 0.00 ms.
Mono: successfully reloaded assembly
- Completed reload, in  1.249 seconds
Domain Reload Profiling:
	ReloadAssembly (1250ms)
		BeginReloadAssembly (181ms)
			ExecutionOrderSort (0ms)
			DisableScriptedObjects (5ms)
			BackupInstance (0ms)
			ReleaseScriptingObjects (0ms)
			CreateAndSetChildDomain (23ms)
		EndReloadAssembly (999ms)
			LoadAssemblies (121ms)
			RebuildTransferFunctionScriptingTraits (0ms)
			SetupTypeCache (328ms)
			ReleaseScriptCaches (0ms)
			RebuildScriptCaches (52ms)
			SetupLoadedEditorAssemblies (393ms)
				LogAssemblyErrors (0ms)
				InitializePlatformSupportModulesInManaged (6ms)
				SetLoadedEditorAssemblies (1ms)
				RefreshPlugins (0ms)
				BeforeProcessingInitializeOnLoad (94ms)
				ProcessInitializeOnLoadAttributes (278ms)
				ProcessInitializeOnLoadMethodAttributes (11ms)
				AfterProcessingInitializeOnLoad (3ms)
				EditorAssembliesLoaded (0ms)
			ExecutionOrderSort2 (0ms)
			AwakeInstancesAfterBackupRestoration (8ms)
Platform modules already initialized, skipping
========================================================================
Worker process is ready to serve import requests
Launched and connected shader compiler UnityShaderCompiler.exe after 0.08 seconds
Refreshing native plugins compatible for Editor in 0.36 ms, found 2 plugins.
Preloading 0 native plugins for Editor in 0.00 ms.
Unloading 1552 Unused Serialized files (Serialized files now loaded: 0)
System memory in use before: 71.0 MB.
System memory in use after: 71.1 MB.

Unloading 16 unused Assets to reduce memory usage. Loaded Objects now: 1987.
Total: 3.342200 ms (FindLiveObjects: 0.123100 ms CreateObjectMapping: 0.043600 ms MarkObjects: 3.091200 ms  DeleteObjects: 0.082900 ms)

AssetImportParameters requested are different than current active one (requested -> active):
  custom:framework-win-MediaFoundation: 216162199b28c13a410421893ffa2e32 -> 
  custom:video-decoder-ogg-theora: a1e56fd34408186e4bbccfd4996cb3dc -> 
  custom:container-muxer-webm: aa71ff27fc2769a1b78a27578f13a17b -> 
  custom:container-demuxer-webm: 4f35f7cbe854078d1ac9338744f61a02 -> 
  custom:container-demuxer-ogg: 62fdf1f143b41e24485cea50d1cbac27 -> 
  custom:video-encoder-webm-vp8: eb34c28f22e8b96e1ab97ce403110664 -> 
  custom:video-decoder-webm-vp8: 9c59270c3fd7afecdb556c50c9e8de78 -> 
  custom:audio-decoder-ogg-vorbis: bf7c407c2cedff20999df2af8eb42d56 -> 
  custom:audio-encoder-webm-vorbis: bf7c407c2cedff20999df2af8eb42d56 -> 
========================================================================
Received Import Request.
  path: Assets/PluginMaster/DesignTools/Editor
  artifactKey: Guid(7324be90284ce5e4dbeb20a913e99300) Importer(815301076,1909f56bfc062723c751e8b465ee728b)
Start importing Assets/PluginMaster/DesignTools/Editor using Guid(7324be90284ce5e4dbeb20a913e99300) Importer(815301076,1909f56bfc062723c751e8b465ee728b)  -> (artifact id: '296c037b9a9e044e98402bccf0e11675') in 0.017976 seconds 
========================================================================
Received Import Request.
  Time since last request: 0.000459 seconds.
  path: Assets/PluginMaster/DesignTools
  artifactKey: Guid(7d462222613847647871f981c6146d27) Importer(815301076,1909f56bfc062723c751e8b465ee728b)
Start importing Assets/PluginMaster/DesignTools using Guid(7d462222613847647871f981c6146d27) Importer(815301076,1909f56bfc062723c751e8b465ee728b)  -> (artifact id: 'ee8f47d79f3d7967018dc2bbb9352fea') in 0.013978 seconds 
========================================================================
Received Import Request.
  Time since last request: 0.000293 seconds.
  path: Assets/PluginMaster/DesignTools/Editor/PrefabWorldBuilder
  artifactKey: Guid(b0788f672f975334a9690697bc1157f8) Importer(815301076,1909f56bfc062723c751e8b465ee728b)
Start importing Assets/PluginMaster/DesignTools/Editor/PrefabWorldBuilder using Guid(b0788f672f975334a9690697bc1157f8) Importer(815301076,1909f56bfc062723c751e8b465ee728b)  -> (artifact id: '399ad01f850dcb91fc6b6f3b7cdd934b') in 0.009330 seconds 
========================================================================
Received Import Request.
  Time since last request: 0.053929 seconds.
  path: Assets/PluginMaster/DesignTools/Editor/PrefabWorldBuilder/Documentation
  artifactKey: Guid(735aceec3199b634a9037a34c32319e6) Importer(815301076,1909f56bfc062723c751e8b465ee728b)
Start importing Assets/PluginMaster/DesignTools/Editor/PrefabWorldBuilder/Documentation using Guid(735aceec3199b634a9037a34c32319e6) Importer(815301076,1909f56bfc062723c751e8b465ee728b)  -> (artifact id: '30d8d0227c54815f0665bed8e346a079') in 0.008722 seconds 
========================================================================
Received Import Request.
  Time since last request: 0.748981 seconds.
  path: Assets/PluginMaster/DesignTools/Editor/PrefabWorldBuilder/Scripts
  artifactKey: Guid(2a8ea109e7ff3e744ba044697a4a4e92) Importer(815301076,1909f56bfc062723c751e8b465ee728b)
Start importing Assets/PluginMaster/DesignTools/Editor/PrefabWorldBuilder/Scripts using Guid(2a8ea109e7ff3e744ba044697a4a4e92) Importer(815301076,1909f56bfc062723c751e8b465ee728b)  -> (artifact id: 'a8e54e527ae0b86cc58210264bc682ac') in 0.016615 seconds 
========================================================================
Received Import Request.
  Time since last request: 4.074082 seconds.
  path: Assets/PluginMaster/DesignTools/Editor/Common/Resources
  artifactKey: Guid(d57f1df337011794d8dbac71a3afb393) Importer(815301076,1909f56bfc062723c751e8b465ee728b)
Start importing Assets/PluginMaster/DesignTools/Editor/Common/Resources using Guid(d57f1df337011794d8dbac71a3afb393) Importer(815301076,1909f56bfc062723c751e8b465ee728b)  -> (artifact id: '117a2121347ae327221eace6ad928fbf') in 0.016414 seconds 
========================================================================
Received Import Request.
  Time since last request: 253.329677 seconds.
  path: Assets/PluginMaster/DesignTools/Editor/CommonPaint
  artifactKey: Guid(c078c3b4093b8a94a8f61579c5799686) Importer(815301076,1909f56bfc062723c751e8b465ee728b)
Start importing Assets/PluginMaster/DesignTools/Editor/CommonPaint using Guid(c078c3b4093b8a94a8f61579c5799686) Importer(815301076,1909f56bfc062723c751e8b465ee728b)  -> (artifact id: '158b37e944edf553a5a0d92d6ac4e6de') in 0.009786 seconds 
========================================================================
Received Import Request.
  Time since last request: 0.548466 seconds.
  path: Assets/PluginMaster/DesignTools/Editor/Common
  artifactKey: Guid(1de063f0476cb884390a280b5d975e82) Importer(815301076,1909f56bfc062723c751e8b465ee728b)
Start importing Assets/PluginMaster/DesignTools/Editor/Common using Guid(1de063f0476cb884390a280b5d975e82) Importer(815301076,1909f56bfc062723c751e8b465ee728b)  -> (artifact id: 'a7c3387f3a8d1799c2a42802cfe588d1') in 0.009764 seconds 
========================================================================
Received Import Request.
  Time since last request: 1.061805 seconds.
  path: Assets/PluginMaster/DesignTools/Editor/Common/Scripts
  artifactKey: Guid(163128f0eec43fe4eb7f2140d6da3f05) Importer(815301076,1909f56bfc062723c751e8b465ee728b)
Start importing Assets/PluginMaster/DesignTools/Editor/Common/Scripts using Guid(163128f0eec43fe4eb7f2140d6da3f05) Importer(815301076,1909f56bfc062723c751e8b465ee728b)  -> (artifact id: '0c541fedd78169c10139f628781137f0') in 0.002975 seconds 
========================================================================
Received Prepare
Registering precompiled user dll's ...
Registered in 0.005591 seconds.
Begin MonoManager ReloadAssembly
Native extension for WindowsStandalone target not found
Refreshing native plugins compatible for Editor in 0.39 ms, found 2 plugins.
Preloading 0 native plugins for Editor in 0.00 ms.
Mono: successfully reloaded assembly
- Completed reload, in  1.168 seconds
Domain Reload Profiling:
	ReloadAssembly (1169ms)
		BeginReloadAssembly (136ms)
			ExecutionOrderSort (0ms)
			DisableScriptedObjects (6ms)
			BackupInstance (0ms)
			ReleaseScriptingObjects (0ms)
			CreateAndSetChildDomain (43ms)
		EndReloadAssembly (962ms)
			LoadAssemblies (111ms)
			RebuildTransferFunctionScriptingTraits (0ms)
			SetupTypeCache (324ms)
			ReleaseScriptCaches (1ms)
			RebuildScriptCaches (46ms)
			SetupLoadedEditorAssemblies (367ms)
				LogAssemblyErrors (0ms)
				InitializePlatformSupportModulesInManaged (6ms)
				SetLoadedEditorAssemblies (1ms)
				RefreshPlugins (0ms)
				BeforeProcessingInitializeOnLoad (90ms)
				ProcessInitializeOnLoadAttributes (255ms)
				ProcessInitializeOnLoadMethodAttributes (11ms)
				AfterProcessingInitializeOnLoad (3ms)
				EditorAssembliesLoaded (0ms)
			ExecutionOrderSort2 (0ms)
			AwakeInstancesAfterBackupRestoration (8ms)
Platform modules already initialized, skipping
Refreshing native plugins compatible for Editor in 0.38 ms, found 2 plugins.
Preloading 0 native plugins for Editor in 0.00 ms.
Unloading 1544 Unused Serialized files (Serialized files now loaded: 0)
System memory in use before: 70.7 MB.
System memory in use after: 70.8 MB.

Unloading 11 unused Assets to reduce memory usage. Loaded Objects now: 1989.
Total: 3.536000 ms (FindLiveObjects: 0.133600 ms CreateObjectMapping: 0.047000 ms MarkObjects: 3.317800 ms  DeleteObjects: 0.035500 ms)

AssetImportParameters requested are different than current active one (requested -> active):
  custom:framework-win-MediaFoundation: 216162199b28c13a410421893ffa2e32 -> 
  custom:video-decoder-ogg-theora: a1e56fd34408186e4bbccfd4996cb3dc -> 
  custom:container-muxer-webm: aa71ff27fc2769a1b78a27578f13a17b -> 
  custom:container-demuxer-webm: 4f35f7cbe854078d1ac9338744f61a02 -> 
  custom:container-demuxer-ogg: 62fdf1f143b41e24485cea50d1cbac27 -> 
  custom:video-encoder-webm-vp8: eb34c28f22e8b96e1ab97ce403110664 -> 
  custom:video-decoder-webm-vp8: 9c59270c3fd7afecdb556c50c9e8de78 -> 
  custom:audio-decoder-ogg-vorbis: bf7c407c2cedff20999df2af8eb42d56 -> 
  custom:audio-encoder-webm-vorbis: bf7c407c2cedff20999df2af8eb42d56 -> 
========================================================================
Received Import Request.
  Time since last request: 863.833529 seconds.
  path: Assets/Cube (2).prefab
  artifactKey: Guid(e4cfb2aa459e0a04eb9600e361ba0c78) Importer(815301076,1909f56bfc062723c751e8b465ee728b)
Start importing Assets/Cube (2).prefab using Guid(e4cfb2aa459e0a04eb9600e361ba0c78) Importer(815301076,1909f56bfc062723c751e8b465ee728b)  -> (artifact id: 'e86a6ac5437fe0661a2414d5995d1351') in 0.143724 seconds 
AssetImportWorkerClient::OnTransportError - code=2 error=End of file
